{"/Users/Test/Desktop/Repos/mk4/game.js":{"path":"/Users/Test/Desktop/Repos/mk4/game.js","s":{"1":1,"2":1,"3":1,"4":1,"5":1,"6":1,"7":1,"8":1,"9":1,"10":1,"11":1,"12":1,"13":18,"14":18,"15":18,"16":18,"17":18,"18":2,"19":2,"20":2,"21":2,"22":1,"23":1,"24":1,"25":1,"26":1,"27":1,"28":1,"29":1,"30":20,"31":20,"32":40,"33":20,"34":2,"35":2,"36":2,"37":2,"38":2,"39":18,"40":18,"41":18,"42":18,"43":1,"44":2,"45":2,"46":2,"47":2,"48":2,"49":2,"50":1,"51":2,"52":2,"53":1,"54":1,"55":1,"56":1,"57":1},"b":{"1":[1,0],"2":[1,0],"3":[1,0],"4":[20,20],"5":[1,1]},"f":{"1":1,"2":1,"3":18,"4":2,"5":1,"6":1,"7":20,"8":2,"9":18,"10":18},"fnMap":{"1":{"name":"attack","line":5,"loc":{"start":{"line":5,"column":0},"end":{"line":5,"column":61}}},"2":{"name":"(anonymous_2)","line":14,"loc":{"start":{"line":14,"column":13},"end":{"line":14,"column":23}}},"3":{"name":"(anonymous_3)","line":20,"loc":{"start":{"line":20,"column":13},"end":{"line":20,"column":43}}},"4":{"name":"(anonymous_4)","line":29,"loc":{"start":{"line":29,"column":17},"end":{"line":29,"column":31}}},"5":{"name":"(anonymous_5)","line":37,"loc":{"start":{"line":37,"column":9},"end":{"line":37,"column":16}}},"6":{"name":"(anonymous_6)","line":44,"loc":{"start":{"line":44,"column":12},"end":{"line":44,"column":15}}},"7":{"name":"(anonymous_7)","line":54,"loc":{"start":{"line":54,"column":16},"end":{"line":54,"column":19}}},"8":{"name":"(anonymous_8)","line":63,"loc":{"start":{"line":63,"column":8},"end":{"line":63,"column":16}}},"9":{"name":"(anonymous_9)","line":73,"loc":{"start":{"line":73,"column":13},"end":{"line":73,"column":27}}},"10":{"name":"(anonymous_10)","line":80,"loc":{"start":{"line":80,"column":13},"end":{"line":80,"column":28}}}},"statementMap":{"1":{"start":{"line":1,"column":0},"end":{"line":1,"column":22}},"2":{"start":{"line":2,"column":0},"end":{"line":2,"column":13}},"3":{"start":{"line":3,"column":0},"end":{"line":3,"column":12}},"4":{"start":{"line":5,"column":0},"end":{"line":11,"column":1}},"5":{"start":{"line":6,"column":2},"end":{"line":6,"column":33}},"6":{"start":{"line":7,"column":2},"end":{"line":7,"column":19}},"7":{"start":{"line":8,"column":2},"end":{"line":8,"column":43}},"8":{"start":{"line":9,"column":2},"end":{"line":9,"column":48}},"9":{"start":{"line":10,"column":2},"end":{"line":10,"column":37}},"10":{"start":{"line":13,"column":0},"end":{"line":17,"column":1}},"11":{"start":{"line":14,"column":2},"end":{"line":16,"column":8}},"12":{"start":{"line":15,"column":4},"end":{"line":15,"column":46}},"13":{"start":{"line":21,"column":4},"end":{"line":21,"column":21}},"14":{"start":{"line":22,"column":4},"end":{"line":22,"column":29}},"15":{"start":{"line":23,"column":4},"end":{"line":23,"column":23}},"16":{"start":{"line":24,"column":4},"end":{"line":24,"column":21}},"17":{"start":{"line":25,"column":4},"end":{"line":25,"column":26}},"18":{"start":{"line":30,"column":4},"end":{"line":30,"column":18}},"19":{"start":{"line":31,"column":4},"end":{"line":33,"column":5}},"20":{"start":{"line":32,"column":6},"end":{"line":32,"column":48}},"21":{"start":{"line":34,"column":4},"end":{"line":34,"column":17}},"22":{"start":{"line":38,"column":4},"end":{"line":38,"column":25}},"23":{"start":{"line":39,"column":4},"end":{"line":41,"column":5}},"24":{"start":{"line":40,"column":6},"end":{"line":40,"column":28}},"25":{"start":{"line":45,"column":4},"end":{"line":45,"column":42}},"26":{"start":{"line":46,"column":4},"end":{"line":48,"column":5}},"27":{"start":{"line":47,"column":6},"end":{"line":47,"column":29}},"28":{"start":{"line":49,"column":4},"end":{"line":51,"column":5}},"29":{"start":{"line":50,"column":6},"end":{"line":50,"column":28}},"30":{"start":{"line":55,"column":4},"end":{"line":55,"column":24}},"31":{"start":{"line":56,"column":4},"end":{"line":60,"column":7}},"32":{"start":{"line":57,"column":6},"end":{"line":59,"column":7}},"33":{"start":{"line":58,"column":8},"end":{"line":58,"column":37}},"34":{"start":{"line":64,"column":4},"end":{"line":64,"column":39}},"35":{"start":{"line":65,"column":4},"end":{"line":65,"column":26}},"36":{"start":{"line":66,"column":4},"end":{"line":66,"column":45}},"37":{"start":{"line":67,"column":4},"end":{"line":67,"column":57}},"38":{"start":{"line":68,"column":4},"end":{"line":68,"column":39}},"39":{"start":{"line":74,"column":4},"end":{"line":74,"column":21}},"40":{"start":{"line":75,"column":4},"end":{"line":75,"column":23}},"41":{"start":{"line":81,"column":4},"end":{"line":81,"column":21}},"42":{"start":{"line":82,"column":4},"end":{"line":82,"column":25}},"43":{"start":{"line":86,"column":0},"end":{"line":94,"column":1}},"44":{"start":{"line":87,"column":2},"end":{"line":87,"column":47}},"45":{"start":{"line":88,"column":2},"end":{"line":88,"column":48}},"46":{"start":{"line":89,"column":2},"end":{"line":89,"column":69}},"47":{"start":{"line":91,"column":2},"end":{"line":91,"column":51}},"48":{"start":{"line":92,"column":2},"end":{"line":92,"column":43}},"49":{"start":{"line":93,"column":2},"end":{"line":93,"column":65}},"50":{"start":{"line":96,"column":0},"end":{"line":103,"column":1}},"51":{"start":{"line":97,"column":2},"end":{"line":97,"column":38}},"52":{"start":{"line":98,"column":2},"end":{"line":102,"column":3}},"53":{"start":{"line":99,"column":4},"end":{"line":99,"column":33}},"54":{"start":{"line":101,"column":4},"end":{"line":101,"column":33}},"55":{"start":{"line":106,"column":0},"end":{"line":106,"column":16}},"56":{"start":{"line":107,"column":0},"end":{"line":107,"column":8}},"57":{"start":{"line":109,"column":0},"end":{"line":109,"column":79}}},"branchMap":{"1":{"line":39,"type":"if","locations":[{"start":{"line":39,"column":4},"end":{"line":39,"column":4}},{"start":{"line":39,"column":4},"end":{"line":39,"column":4}}]},"2":{"line":46,"type":"if","locations":[{"start":{"line":46,"column":4},"end":{"line":46,"column":4}},{"start":{"line":46,"column":4},"end":{"line":46,"column":4}}]},"3":{"line":49,"type":"if","locations":[{"start":{"line":49,"column":4},"end":{"line":49,"column":4}},{"start":{"line":49,"column":4},"end":{"line":49,"column":4}}]},"4":{"line":57,"type":"if","locations":[{"start":{"line":57,"column":6},"end":{"line":57,"column":6}},{"start":{"line":57,"column":6},"end":{"line":57,"column":6}}]},"5":{"line":98,"type":"if","locations":[{"start":{"line":98,"column":2},"end":{"line":98,"column":2}},{"start":{"line":98,"column":2},"end":{"line":98,"column":2}}]}}}}