{"/Users/manojfernando/Desktop/mk4-demo/mk4/game.js":{"path":"/Users/manojfernando/Desktop/mk4-demo/mk4/game.js","s":{"1":1,"2":1,"3":1,"4":1,"5":2,"6":2,"7":2,"8":2,"9":2,"10":1,"11":1,"12":1,"13":4,"14":4,"15":4,"16":4,"17":4,"18":1002,"19":1002,"20":1002,"21":1002,"22":0,"23":0,"24":0,"25":0,"26":0,"27":0,"28":0,"29":0,"30":4,"31":4,"32":8,"33":4,"34":1,"35":1,"36":1,"37":1,"38":1,"39":4,"40":4,"41":4,"42":4,"43":1,"44":1,"45":1,"46":1,"47":1,"48":1,"49":1,"50":1,"51":1,"52":1,"53":1,"54":0,"55":1,"56":1,"57":1,"58":4,"59":1},"b":{"1":[0,0],"2":[0,0],"3":[0,0],"4":[4,4],"5":[1,0]},"f":{"1":1,"2":4,"3":1002,"4":0,"5":0,"6":4,"7":1,"8":4,"9":4},"fnMap":{"1":{"name":"(anonymous_1)","line":18,"loc":{"start":{"line":18,"column":13},"end":{"line":18,"column":24}}},"2":{"name":"(anonymous_2)","line":24,"loc":{"start":{"line":24,"column":13},"end":{"line":24,"column":43}}},"3":{"name":"(anonymous_3)","line":33,"loc":{"start":{"line":33,"column":17},"end":{"line":33,"column":31}}},"4":{"name":"(anonymous_4)","line":41,"loc":{"start":{"line":41,"column":9},"end":{"line":41,"column":16}}},"5":{"name":"(anonymous_5)","line":48,"loc":{"start":{"line":48,"column":12},"end":{"line":48,"column":15}}},"6":{"name":"(anonymous_6)","line":58,"loc":{"start":{"line":58,"column":16},"end":{"line":58,"column":19}}},"7":{"name":"(anonymous_7)","line":67,"loc":{"start":{"line":67,"column":8},"end":{"line":67,"column":16}}},"8":{"name":"(anonymous_8)","line":77,"loc":{"start":{"line":77,"column":13},"end":{"line":77,"column":27}}},"9":{"name":"(anonymous_9)","line":84,"loc":{"start":{"line":84,"column":13},"end":{"line":84,"column":28}}}},"statementMap":{"1":{"start":{"line":1,"column":0},"end":{"line":1,"column":22}},"2":{"start":{"line":2,"column":0},"end":{"line":2,"column":13}},"3":{"start":{"line":3,"column":0},"end":{"line":3,"column":12}},"4":{"start":{"line":5,"column":0},"end":{"line":15,"column":1}},"5":{"start":{"line":6,"column":2},"end":{"line":6,"column":33}},"6":{"start":{"line":7,"column":2},"end":{"line":7,"column":26}},"7":{"start":{"line":8,"column":2},"end":{"line":8,"column":43}},"8":{"start":{"line":9,"column":2},"end":{"line":9,"column":49}},"9":{"start":{"line":10,"column":2},"end":{"line":14,"column":4}},"10":{"start":{"line":17,"column":0},"end":{"line":21,"column":2}},"11":{"start":{"line":18,"column":2},"end":{"line":20,"column":9}},"12":{"start":{"line":19,"column":4},"end":{"line":19,"column":47}},"13":{"start":{"line":25,"column":4},"end":{"line":25,"column":21}},"14":{"start":{"line":26,"column":4},"end":{"line":26,"column":29}},"15":{"start":{"line":27,"column":4},"end":{"line":27,"column":23}},"16":{"start":{"line":28,"column":4},"end":{"line":28,"column":21}},"17":{"start":{"line":29,"column":4},"end":{"line":29,"column":26}},"18":{"start":{"line":34,"column":4},"end":{"line":34,"column":18}},"19":{"start":{"line":35,"column":4},"end":{"line":37,"column":5}},"20":{"start":{"line":36,"column":6},"end":{"line":36,"column":48}},"21":{"start":{"line":38,"column":4},"end":{"line":38,"column":17}},"22":{"start":{"line":42,"column":4},"end":{"line":42,"column":25}},"23":{"start":{"line":43,"column":4},"end":{"line":45,"column":5}},"24":{"start":{"line":44,"column":6},"end":{"line":44,"column":28}},"25":{"start":{"line":49,"column":4},"end":{"line":49,"column":42}},"26":{"start":{"line":50,"column":4},"end":{"line":52,"column":5}},"27":{"start":{"line":51,"column":6},"end":{"line":51,"column":29}},"28":{"start":{"line":53,"column":4},"end":{"line":55,"column":5}},"29":{"start":{"line":54,"column":6},"end":{"line":54,"column":28}},"30":{"start":{"line":59,"column":4},"end":{"line":59,"column":24}},"31":{"start":{"line":60,"column":4},"end":{"line":64,"column":7}},"32":{"start":{"line":61,"column":6},"end":{"line":63,"column":7}},"33":{"start":{"line":62,"column":8},"end":{"line":62,"column":37}},"34":{"start":{"line":68,"column":4},"end":{"line":68,"column":39}},"35":{"start":{"line":69,"column":4},"end":{"line":69,"column":26}},"36":{"start":{"line":70,"column":4},"end":{"line":70,"column":45}},"37":{"start":{"line":71,"column":4},"end":{"line":71,"column":57}},"38":{"start":{"line":72,"column":4},"end":{"line":72,"column":39}},"39":{"start":{"line":78,"column":4},"end":{"line":78,"column":21}},"40":{"start":{"line":79,"column":4},"end":{"line":79,"column":23}},"41":{"start":{"line":85,"column":4},"end":{"line":85,"column":21}},"42":{"start":{"line":86,"column":4},"end":{"line":86,"column":25}},"43":{"start":{"line":90,"column":0},"end":{"line":98,"column":1}},"44":{"start":{"line":91,"column":2},"end":{"line":91,"column":47}},"45":{"start":{"line":92,"column":2},"end":{"line":92,"column":48}},"46":{"start":{"line":93,"column":2},"end":{"line":93,"column":69}},"47":{"start":{"line":95,"column":2},"end":{"line":95,"column":51}},"48":{"start":{"line":96,"column":2},"end":{"line":96,"column":43}},"49":{"start":{"line":97,"column":2},"end":{"line":97,"column":65}},"50":{"start":{"line":100,"column":0},"end":{"line":107,"column":1}},"51":{"start":{"line":101,"column":2},"end":{"line":101,"column":38}},"52":{"start":{"line":102,"column":2},"end":{"line":106,"column":3}},"53":{"start":{"line":103,"column":4},"end":{"line":103,"column":33}},"54":{"start":{"line":105,"column":4},"end":{"line":105,"column":33}},"55":{"start":{"line":109,"column":0},"end":{"line":109,"column":16}},"56":{"start":{"line":110,"column":0},"end":{"line":110,"column":8}},"57":{"start":{"line":112,"column":0},"end":{"line":112,"column":29}},"58":{"start":{"line":112,"column":20},"end":{"line":112,"column":28}},"59":{"start":{"line":114,"column":0},"end":{"line":121,"column":1}}},"branchMap":{"1":{"line":43,"type":"if","locations":[{"start":{"line":43,"column":4},"end":{"line":43,"column":4}},{"start":{"line":43,"column":4},"end":{"line":43,"column":4}}]},"2":{"line":50,"type":"if","locations":[{"start":{"line":50,"column":4},"end":{"line":50,"column":4}},{"start":{"line":50,"column":4},"end":{"line":50,"column":4}}]},"3":{"line":53,"type":"if","locations":[{"start":{"line":53,"column":4},"end":{"line":53,"column":4}},{"start":{"line":53,"column":4},"end":{"line":53,"column":4}}]},"4":{"line":61,"type":"if","locations":[{"start":{"line":61,"column":6},"end":{"line":61,"column":6}},{"start":{"line":61,"column":6},"end":{"line":61,"column":6}}]},"5":{"line":102,"type":"if","locations":[{"start":{"line":102,"column":2},"end":{"line":102,"column":2}},{"start":{"line":102,"column":2},"end":{"line":102,"column":2}}]}}}}