TN:
SF:/Users/manojfernando/Desktop/mk4-demo/mk4/game.js
FN:18,(anonymous_1)
FN:24,(anonymous_2)
FN:33,(anonymous_3)
FN:41,(anonymous_4)
FN:48,(anonymous_5)
FN:58,(anonymous_6)
FN:67,(anonymous_7)
FN:77,(anonymous_8)
FN:84,(anonymous_9)
FNF:9
FNH:7
FNDA:1,(anonymous_1)
FNDA:4,(anonymous_2)
FNDA:1002,(anonymous_3)
FNDA:0,(anonymous_4)
FNDA:0,(anonymous_5)
FNDA:4,(anonymous_6)
FNDA:1,(anonymous_7)
FNDA:4,(anonymous_8)
FNDA:4,(anonymous_9)
DA:1,1
DA:2,1
DA:3,1
DA:5,1
DA:6,2
DA:7,2
DA:8,2
DA:9,2
DA:10,2
DA:17,1
DA:18,1
DA:19,1
DA:25,4
DA:26,4
DA:27,4
DA:28,4
DA:29,4
DA:34,1002
DA:35,1002
DA:36,1002
DA:38,1002
DA:42,0
DA:43,0
DA:44,0
DA:49,0
DA:50,0
DA:51,0
DA:53,0
DA:54,0
DA:59,4
DA:60,4
DA:61,8
DA:62,4
DA:68,1
DA:69,1
DA:70,1
DA:71,1
DA:72,1
DA:78,4
DA:79,4
DA:85,4
DA:86,4
DA:90,1
DA:91,1
DA:92,1
DA:93,1
DA:95,1
DA:96,1
DA:97,1
DA:100,1
DA:101,1
DA:102,1
DA:103,1
DA:105,0
DA:109,1
DA:110,1
DA:112,4
DA:114,1
LF:58
LH:49
BRDA:43,1,0,0
BRDA:43,1,1,0
BRDA:50,2,0,0
BRDA:50,2,1,0
BRDA:53,3,0,0
BRDA:53,3,1,0
BRDA:61,4,0,4
BRDA:61,4,1,4
BRDA:102,5,0,1
BRDA:102,5,1,0
BRF:10
BRH:3
end_of_record
