TN:
SF:/Users/Test/Desktop/Repos/mk4/game.js
FN:5,attack
FN:14,(anonymous_2)
FN:20,(anonymous_3)
FN:29,(anonymous_4)
FN:37,(anonymous_5)
FN:44,(anonymous_6)
FN:54,(anonymous_7)
FN:63,(anonymous_8)
FN:73,(anonymous_9)
FN:80,(anonymous_10)
FNF:10
FNH:10
FNDA:1,attack
FNDA:1,(anonymous_2)
FNDA:18,(anonymous_3)
FNDA:2,(anonymous_4)
FNDA:1,(anonymous_5)
FNDA:1,(anonymous_6)
FNDA:20,(anonymous_7)
FNDA:2,(anonymous_8)
FNDA:18,(anonymous_9)
FNDA:18,(anonymous_10)
DA:1,1
DA:2,1
DA:3,1
DA:5,1
DA:6,1
DA:7,1
DA:8,1
DA:9,1
DA:10,1
DA:13,1
DA:14,1
DA:15,1
DA:21,18
DA:22,18
DA:23,18
DA:24,18
DA:25,18
DA:30,2
DA:31,2
DA:32,2
DA:34,2
DA:38,1
DA:39,1
DA:40,1
DA:45,1
DA:46,1
DA:47,1
DA:49,1
DA:50,1
DA:55,20
DA:56,20
DA:57,40
DA:58,20
DA:64,2
DA:65,2
DA:66,2
DA:67,2
DA:68,2
DA:74,18
DA:75,18
DA:81,18
DA:82,18
DA:86,1
DA:87,2
DA:88,2
DA:89,2
DA:91,2
DA:92,2
DA:93,2
DA:96,1
DA:97,2
DA:98,2
DA:99,1
DA:101,1
DA:106,1
DA:107,1
DA:109,1
LF:57
LH:57
BRDA:39,1,0,1
BRDA:39,1,1,0
BRDA:46,2,0,1
BRDA:46,2,1,0
BRDA:49,3,0,1
BRDA:49,3,1,0
BRDA:57,4,0,20
BRDA:57,4,1,20
BRDA:98,5,0,1
BRDA:98,5,1,1
BRF:10
BRH:7
end_of_record
